<?xml version="1.0" encoding="UTF-8"?>
<testsuite xmlns:xsi="http://www.w3.org/2001/XMLSchema-instance" xsi:noNamespaceSchemaLocation="https://maven.apache.org/surefire/maven-surefire-plugin/xsd/surefire-test-report-3.0.xsd" version="3.0" name="au.com.dius.pactworkshop.provider.ProductPactProviderTest" time="27.74" tests="6" errors="0" skipped="0" failures="0">
  <properties>
    <property name="sun.desktop" value="windows"/>
    <property name="awt.toolkit" value="sun.awt.windows.WToolkit"/>
    <property name="file.encoding.pkg" value="sun.io"/>
    <property name="java.specification.version" value="1.8"/>
    <property name="sun.cpu.isalist" value="amd64"/>
    <property name="sun.jnu.encoding" value="Cp1252"/>
    <property name="java.class.path" value="C:\Users\akhil\IdeaProjects\PACTTools\.idea\Producer\target\test-classes;C:\Users\akhil\IdeaProjects\PACTTools\.idea\Producer\target\classes;C:\Users\akhil\.m2\repository\org\springframework\boot\spring-boot-starter-test\2.6.9\spring-boot-starter-test-2.6.9.jar;C:\Users\akhil\.m2\repository\org\springframework\boot\spring-boot-starter\2.6.9\spring-boot-starter-2.6.9.jar;C:\Users\akhil\.m2\repository\org\springframework\boot\spring-boot\2.6.9\spring-boot-2.6.9.jar;C:\Users\akhil\.m2\repository\org\springframework\boot\spring-boot-autoconfigure\2.6.9\spring-boot-autoconfigure-2.6.9.jar;C:\Users\akhil\.m2\repository\org\springframework\boot\spring-boot-starter-logging\2.6.9\spring-boot-starter-logging-2.6.9.jar;C:\Users\akhil\.m2\repository\ch\qos\logback\logback-classic\1.2.11\logback-classic-1.2.11.jar;C:\Users\akhil\.m2\repository\ch\qos\logback\logback-core\1.2.11\logback-core-1.2.11.jar;C:\Users\akhil\.m2\repository\org\apache\logging\log4j\log4j-to-slf4j\2.17.2\log4j-to-slf4j-2.17.2.jar;C:\Users\akhil\.m2\repository\org\apache\logging\log4j\log4j-api\2.17.2\log4j-api-2.17.2.jar;C:\Users\akhil\.m2\repository\org\slf4j\jul-to-slf4j\1.7.36\jul-to-slf4j-1.7.36.jar;C:\Users\akhil\.m2\repository\jakarta\annotation\jakarta.annotation-api\1.3.5\jakarta.annotation-api-1.3.5.jar;C:\Users\akhil\.m2\repository\org\yaml\snakeyaml\1.29\snakeyaml-1.29.jar;C:\Users\akhil\.m2\repository\org\springframework\boot\spring-boot-test\2.6.9\spring-boot-test-2.6.9.jar;C:\Users\akhil\.m2\repository\org\springframework\boot\spring-boot-test-autoconfigure\2.6.9\spring-boot-test-autoconfigure-2.6.9.jar;C:\Users\akhil\.m2\repository\com\jayway\jsonpath\json-path\2.6.0\json-path-2.6.0.jar;C:\Users\akhil\.m2\repository\net\minidev\json-smart\2.4.7\json-smart-2.4.7.jar;C:\Users\akhil\.m2\repository\net\minidev\accessors-smart\2.4.7\accessors-smart-2.4.7.jar;C:\Users\akhil\.m2\repository\org\ow2\asm\asm\9.1\asm-9.1.jar;C:\Users\akhil\.m2\repository\jakarta\xml\bind\jakarta.xml.bind-api\2.3.3\jakarta.xml.bind-api-2.3.3.jar;C:\Users\akhil\.m2\repository\jakarta\activation\jakarta.activation-api\1.2.2\jakarta.activation-api-1.2.2.jar;C:\Users\akhil\.m2\repository\org\assertj\assertj-core\3.21.0\assertj-core-3.21.0.jar;C:\Users\akhil\.m2\repository\org\hamcrest\hamcrest\2.2\hamcrest-2.2.jar;C:\Users\akhil\.m2\repository\org\mockito\mockito-core\4.0.0\mockito-core-4.0.0.jar;C:\Users\akhil\.m2\repository\net\bytebuddy\byte-buddy\1.11.19\byte-buddy-1.11.19.jar;C:\Users\akhil\.m2\repository\net\bytebuddy\byte-buddy-agent\1.11.19\byte-buddy-agent-1.11.19.jar;C:\Users\akhil\.m2\repository\org\objenesis\objenesis\3.2\objenesis-3.2.jar;C:\Users\akhil\.m2\repository\org\mockito\mockito-junit-jupiter\4.0.0\mockito-junit-jupiter-4.0.0.jar;C:\Users\akhil\.m2\repository\org\skyscreamer\jsonassert\1.5.0\jsonassert-1.5.0.jar;C:\Users\akhil\.m2\repository\com\vaadin\external\google\android-json\0.0.20131108.vaadin1\android-json-0.0.20131108.vaadin1.jar;C:\Users\akhil\.m2\repository\org\springframework\spring-core\5.3.21\spring-core-5.3.21.jar;C:\Users\akhil\.m2\repository\org\springframework\spring-jcl\5.3.21\spring-jcl-5.3.21.jar;C:\Users\akhil\.m2\repository\org\springframework\spring-test\5.3.21\spring-test-5.3.21.jar;C:\Users\akhil\.m2\repository\org\xmlunit\xmlunit-core\2.8.4\xmlunit-core-2.8.4.jar;C:\Users\akhil\.m2\repository\org\springframework\spring-web\5.3.23\spring-web-5.3.23.jar;C:\Users\akhil\.m2\repository\org\springframework\spring-beans\5.3.23\spring-beans-5.3.23.jar;C:\Users\akhil\.m2\repository\org\springframework\boot\spring-boot-starter-web\2.7.5\spring-boot-starter-web-2.7.5.jar;C:\Users\akhil\.m2\repository\org\springframework\boot\spring-boot-starter-json\2.7.5\spring-boot-starter-json-2.7.5.jar;C:\Users\akhil\.m2\repository\com\fasterxml\jackson\core\jackson-databind\2.13.4.2\jackson-databind-2.13.4.2.jar;C:\Users\akhil\.m2\repository\com\fasterxml\jackson\core\jackson-annotations\2.13.4\jackson-annotations-2.13.4.jar;C:\Users\akhil\.m2\repository\com\fasterxml\jackson\core\jackson-core\2.13.4\jackson-core-2.13.4.jar;C:\Users\akhil\.m2\repository\com\fasterxml\jackson\datatype\jackson-datatype-jdk8\2.13.4\jackson-datatype-jdk8-2.13.4.jar;C:\Users\akhil\.m2\repository\com\fasterxml\jackson\datatype\jackson-datatype-jsr310\2.13.4\jackson-datatype-jsr310-2.13.4.jar;C:\Users\akhil\.m2\repository\com\fasterxml\jackson\module\jackson-module-parameter-names\2.13.4\jackson-module-parameter-names-2.13.4.jar;C:\Users\akhil\.m2\repository\org\springframework\boot\spring-boot-starter-tomcat\2.7.5\spring-boot-starter-tomcat-2.7.5.jar;C:\Users\akhil\.m2\repository\org\apache\tomcat\embed\tomcat-embed-core\9.0.68\tomcat-embed-core-9.0.68.jar;C:\Users\akhil\.m2\repository\org\apache\tomcat\embed\tomcat-embed-el\9.0.68\tomcat-embed-el-9.0.68.jar;C:\Users\akhil\.m2\repository\org\apache\tomcat\embed\tomcat-embed-websocket\9.0.68\tomcat-embed-websocket-9.0.68.jar;C:\Users\akhil\.m2\repository\org\springframework\spring-webmvc\5.3.23\spring-webmvc-5.3.23.jar;C:\Users\akhil\.m2\repository\org\springframework\spring-aop\5.3.23\spring-aop-5.3.23.jar;C:\Users\akhil\.m2\repository\org\springframework\spring-context\5.3.23\spring-context-5.3.23.jar;C:\Users\akhil\.m2\repository\org\springframework\spring-expression\5.3.23\spring-expression-5.3.23.jar;C:\Users\akhil\.m2\repository\au\com\dius\pact\provider\4.1.7\provider-4.1.7.jar;C:\Users\akhil\.m2\repository\commons-io\commons-io\2.5\commons-io-2.5.jar;C:\Users\akhil\.m2\repository\au\com\dius\pact\core\model\4.1.7\model-4.1.7.jar;C:\Users\akhil\.m2\repository\com\github\zafarkhaja\java-semver\0.9.0\java-semver-0.9.0.jar;C:\Users\akhil\.m2\repository\org\apache\commons\commons-collections4\4.1\commons-collections4-4.1.jar;C:\Users\akhil\.m2\repository\com\github\mifmif\generex\1.0.2\generex-1.0.2.jar;C:\Users\akhil\.m2\repository\dk\brics\automaton\automaton\1.11-8\automaton-1.11-8.jar;C:\Users\akhil\.m2\repository\javax\mail\mail\1.5.0-b01\mail-1.5.0-b01.jar;C:\Users\akhil\.m2\repository\javax\activation\activation\1.1\activation-1.1.jar;C:\Users\akhil\.m2\repository\org\jetbrains\kotlin\kotlin-reflect\1.3.72\kotlin-reflect-1.3.72.jar;C:\Users\akhil\.m2\repository\org\apache\tika\tika-core\1.24.1\tika-core-1.24.1.jar;C:\Users\akhil\.m2\repository\au\com\dius\pact\core\pactbroker\4.1.7\pactbroker-4.1.7.jar;C:\Users\akhil\.m2\repository\org\apache\commons\commons-lang3\3.4\commons-lang3-3.4.jar;C:\Users\akhil\.m2\repository\com\google\guava\guava\18.0\guava-18.0.jar;C:\Users\akhil\.m2\repository\io\github\microutils\kotlin-logging\1.6.26\kotlin-logging-1.6.26.jar;C:\Users\akhil\.m2\repository\io\github\microutils\kotlin-logging-common\1.6.26\kotlin-logging-common-1.6.26.jar;C:\Users\akhil\.m2\repository\au\com\dius\pact\core\matchers\4.1.7\matchers-4.1.7.jar;C:\Users\akhil\.m2\repository\com\googlecode\java-diff-utils\diffutils\1.3.0\diffutils-1.3.0.jar;C:\Users\akhil\.m2\repository\xerces\xercesImpl\2.12.0\xercesImpl-2.12.0.jar;C:\Users\akhil\.m2\repository\xml-apis\xml-apis\1.4.01\xml-apis-1.4.01.jar;C:\Users\akhil\.m2\repository\org\atteo\evo-inflector\1.2.2\evo-inflector-1.2.2.jar;C:\Users\akhil\.m2\repository\au\com\dius\pact\core\support\4.1.7\support-4.1.7.jar;C:\Users\akhil\.m2\repository\org\antlr\antlr4\4.7.2\antlr4-4.7.2.jar;C:\Users\akhil\.m2\repository\org\antlr\antlr4-runtime\4.7.2\antlr4-runtime-4.7.2.jar;C:\Users\akhil\.m2\repository\org\antlr\antlr-runtime\3.5.2\antlr-runtime-3.5.2.jar;C:\Users\akhil\.m2\repository\org\antlr\ST4\4.1\ST4-4.1.jar;C:\Users\akhil\.m2\repository\org\abego\treelayout\org.abego.treelayout.core\1.0.3\org.abego.treelayout.core-1.0.3.jar;C:\Users\akhil\.m2\repository\org\glassfish\javax.json\1.0.4\javax.json-1.0.4.jar;C:\Users\akhil\.m2\repository\com\ibm\icu\icu4j\61.1\icu4j-61.1.jar;C:\Users\akhil\.m2\repository\org\jetbrains\kotlin\kotlin-stdlib-jdk8\1.3.72\kotlin-stdlib-jdk8-1.3.72.jar;C:\Users\akhil\.m2\repository\org\jetbrains\kotlin\kotlin-stdlib-jdk7\1.3.72\kotlin-stdlib-jdk7-1.3.72.jar;C:\Users\akhil\.m2\repository\com\google\code\findbugs\jsr305\3.0.2\jsr305-3.0.2.jar;C:\Users\akhil\.m2\repository\com\michael-bull\kotlin-result\kotlin-result\1.1.6\kotlin-result-1.1.6.jar;C:\Users\akhil\.m2\repository\org\jetbrains\kotlin\kotlin-stdlib\1.3.61\kotlin-stdlib-1.3.61.jar;C:\Users\akhil\.m2\repository\org\jetbrains\kotlin\kotlin-stdlib-common\1.3.61\kotlin-stdlib-common-1.3.61.jar;C:\Users\akhil\.m2\repository\org\jetbrains\annotations\13.0\annotations-13.0.jar;C:\Users\akhil\.m2\repository\org\slf4j\slf4j-api\1.7.28\slf4j-api-1.7.28.jar;C:\Users\akhil\.m2\repository\org\scala-lang\scala-library\2.13.2\scala-library-2.13.2.jar;C:\Users\akhil\.m2\repository\io\github\classgraph\classgraph\4.8.25\classgraph-4.8.25.jar;C:\Users\akhil\.m2\repository\org\codehaus\groovy\groovy\3.0.1\groovy-3.0.1.jar;C:\Users\akhil\.m2\repository\com\github\ajalt\mordant\1.2.1\mordant-1.2.1.jar;C:\Users\akhil\.m2\repository\com\github\ajalt\colormath\1.2.0\colormath-1.2.0.jar;C:\Users\akhil\.m2\repository\au\com\dius\pact\provider\junit5\4.1.7\junit5-4.1.7.jar;C:\Users\akhil\.m2\repository\org\apache\httpcomponents\httpclient\4.5\httpclient-4.5.jar;C:\Users\akhil\.m2\repository\org\apache\httpcomponents\httpcore\4.4.1\httpcore-4.4.1.jar;C:\Users\akhil\.m2\repository\commons-logging\commons-logging\1.2\commons-logging-1.2.jar;C:\Users\akhil\.m2\repository\commons-codec\commons-codec\1.9\commons-codec-1.9.jar;C:\Users\akhil\.m2\repository\org\junit\jupiter\junit-jupiter\5.8.0\junit-jupiter-5.8.0.jar;C:\Users\akhil\.m2\repository\org\junit\jupiter\junit-jupiter-params\5.8.0\junit-jupiter-params-5.8.0.jar;C:\Users\akhil\.m2\repository\org\junit\jupiter\junit-jupiter-engine\5.8.0\junit-jupiter-engine-5.8.0.jar;C:\Users\akhil\.m2\repository\org\junit\platform\junit-platform-engine\1.8.0\junit-platform-engine-1.8.0.jar;C:\Users\akhil\.m2\repository\org\junit\jupiter\junit-jupiter-api\5.8.0\junit-jupiter-api-5.8.0.jar;C:\Users\akhil\.m2\repository\org\opentest4j\opentest4j\1.2.0\opentest4j-1.2.0.jar;C:\Users\akhil\.m2\repository\org\junit\platform\junit-platform-commons\1.8.0\junit-platform-commons-1.8.0.jar;C:\Users\akhil\.m2\repository\org\apiguardian\apiguardian-api\1.1.2\apiguardian-api-1.1.2.jar;"/>
    <property name="java.vm.vendor" value="Oracle Corporation"/>
    <property name="sun.arch.data.model" value="64"/>
    <property name="user.variant" value=""/>
    <property name="catalina.useNaming" value="false"/>
    <property name="java.vendor.url" value="http://java.oracle.com/"/>
    <property name="user.timezone" value="America/New_York"/>
    <property name="java.vm.specification.version" value="1.8"/>
    <property name="os.name" value="Windows 10"/>
    <property name="user.country" value="US"/>
    <property name="sun.java.launcher" value="SUN_STANDARD"/>
    <property name="sun.boot.library.path" value="C:\Program Files\Java\jdk1.8.0_231\jre\bin"/>
    <property name="sun.java.command" value="C:\Users\akhil\AppData\Local\Temp\surefire1599287045344210568\surefirebooter6067599276954753886.jar C:\Users\akhil\AppData\Local\Temp\surefire1599287045344210568 2023-04-19T23-24-23_650-jvmRun1 surefire4810410588432893792tmp surefire_02879550443682854456tmp"/>
    <property name="surefire.test.class.path" value="C:\Users\akhil\IdeaProjects\PACTTools\.idea\Producer\target\test-classes;C:\Users\akhil\IdeaProjects\PACTTools\.idea\Producer\target\classes;C:\Users\akhil\.m2\repository\org\springframework\boot\spring-boot-starter-test\2.6.9\spring-boot-starter-test-2.6.9.jar;C:\Users\akhil\.m2\repository\org\springframework\boot\spring-boot-starter\2.6.9\spring-boot-starter-2.6.9.jar;C:\Users\akhil\.m2\repository\org\springframework\boot\spring-boot\2.6.9\spring-boot-2.6.9.jar;C:\Users\akhil\.m2\repository\org\springframework\boot\spring-boot-autoconfigure\2.6.9\spring-boot-autoconfigure-2.6.9.jar;C:\Users\akhil\.m2\repository\org\springframework\boot\spring-boot-starter-logging\2.6.9\spring-boot-starter-logging-2.6.9.jar;C:\Users\akhil\.m2\repository\ch\qos\logback\logback-classic\1.2.11\logback-classic-1.2.11.jar;C:\Users\akhil\.m2\repository\ch\qos\logback\logback-core\1.2.11\logback-core-1.2.11.jar;C:\Users\akhil\.m2\repository\org\apache\logging\log4j\log4j-to-slf4j\2.17.2\log4j-to-slf4j-2.17.2.jar;C:\Users\akhil\.m2\repository\org\apache\logging\log4j\log4j-api\2.17.2\log4j-api-2.17.2.jar;C:\Users\akhil\.m2\repository\org\slf4j\jul-to-slf4j\1.7.36\jul-to-slf4j-1.7.36.jar;C:\Users\akhil\.m2\repository\jakarta\annotation\jakarta.annotation-api\1.3.5\jakarta.annotation-api-1.3.5.jar;C:\Users\akhil\.m2\repository\org\yaml\snakeyaml\1.29\snakeyaml-1.29.jar;C:\Users\akhil\.m2\repository\org\springframework\boot\spring-boot-test\2.6.9\spring-boot-test-2.6.9.jar;C:\Users\akhil\.m2\repository\org\springframework\boot\spring-boot-test-autoconfigure\2.6.9\spring-boot-test-autoconfigure-2.6.9.jar;C:\Users\akhil\.m2\repository\com\jayway\jsonpath\json-path\2.6.0\json-path-2.6.0.jar;C:\Users\akhil\.m2\repository\net\minidev\json-smart\2.4.7\json-smart-2.4.7.jar;C:\Users\akhil\.m2\repository\net\minidev\accessors-smart\2.4.7\accessors-smart-2.4.7.jar;C:\Users\akhil\.m2\repository\org\ow2\asm\asm\9.1\asm-9.1.jar;C:\Users\akhil\.m2\repository\jakarta\xml\bind\jakarta.xml.bind-api\2.3.3\jakarta.xml.bind-api-2.3.3.jar;C:\Users\akhil\.m2\repository\jakarta\activation\jakarta.activation-api\1.2.2\jakarta.activation-api-1.2.2.jar;C:\Users\akhil\.m2\repository\org\assertj\assertj-core\3.21.0\assertj-core-3.21.0.jar;C:\Users\akhil\.m2\repository\org\hamcrest\hamcrest\2.2\hamcrest-2.2.jar;C:\Users\akhil\.m2\repository\org\mockito\mockito-core\4.0.0\mockito-core-4.0.0.jar;C:\Users\akhil\.m2\repository\net\bytebuddy\byte-buddy\1.11.19\byte-buddy-1.11.19.jar;C:\Users\akhil\.m2\repository\net\bytebuddy\byte-buddy-agent\1.11.19\byte-buddy-agent-1.11.19.jar;C:\Users\akhil\.m2\repository\org\objenesis\objenesis\3.2\objenesis-3.2.jar;C:\Users\akhil\.m2\repository\org\mockito\mockito-junit-jupiter\4.0.0\mockito-junit-jupiter-4.0.0.jar;C:\Users\akhil\.m2\repository\org\skyscreamer\jsonassert\1.5.0\jsonassert-1.5.0.jar;C:\Users\akhil\.m2\repository\com\vaadin\external\google\android-json\0.0.20131108.vaadin1\android-json-0.0.20131108.vaadin1.jar;C:\Users\akhil\.m2\repository\org\springframework\spring-core\5.3.21\spring-core-5.3.21.jar;C:\Users\akhil\.m2\repository\org\springframework\spring-jcl\5.3.21\spring-jcl-5.3.21.jar;C:\Users\akhil\.m2\repository\org\springframework\spring-test\5.3.21\spring-test-5.3.21.jar;C:\Users\akhil\.m2\repository\org\xmlunit\xmlunit-core\2.8.4\xmlunit-core-2.8.4.jar;C:\Users\akhil\.m2\repository\org\springframework\spring-web\5.3.23\spring-web-5.3.23.jar;C:\Users\akhil\.m2\repository\org\springframework\spring-beans\5.3.23\spring-beans-5.3.23.jar;C:\Users\akhil\.m2\repository\org\springframework\boot\spring-boot-starter-web\2.7.5\spring-boot-starter-web-2.7.5.jar;C:\Users\akhil\.m2\repository\org\springframework\boot\spring-boot-starter-json\2.7.5\spring-boot-starter-json-2.7.5.jar;C:\Users\akhil\.m2\repository\com\fasterxml\jackson\core\jackson-databind\2.13.4.2\jackson-databind-2.13.4.2.jar;C:\Users\akhil\.m2\repository\com\fasterxml\jackson\core\jackson-annotations\2.13.4\jackson-annotations-2.13.4.jar;C:\Users\akhil\.m2\repository\com\fasterxml\jackson\core\jackson-core\2.13.4\jackson-core-2.13.4.jar;C:\Users\akhil\.m2\repository\com\fasterxml\jackson\datatype\jackson-datatype-jdk8\2.13.4\jackson-datatype-jdk8-2.13.4.jar;C:\Users\akhil\.m2\repository\com\fasterxml\jackson\datatype\jackson-datatype-jsr310\2.13.4\jackson-datatype-jsr310-2.13.4.jar;C:\Users\akhil\.m2\repository\com\fasterxml\jackson\module\jackson-module-parameter-names\2.13.4\jackson-module-parameter-names-2.13.4.jar;C:\Users\akhil\.m2\repository\org\springframework\boot\spring-boot-starter-tomcat\2.7.5\spring-boot-starter-tomcat-2.7.5.jar;C:\Users\akhil\.m2\repository\org\apache\tomcat\embed\tomcat-embed-core\9.0.68\tomcat-embed-core-9.0.68.jar;C:\Users\akhil\.m2\repository\org\apache\tomcat\embed\tomcat-embed-el\9.0.68\tomcat-embed-el-9.0.68.jar;C:\Users\akhil\.m2\repository\org\apache\tomcat\embed\tomcat-embed-websocket\9.0.68\tomcat-embed-websocket-9.0.68.jar;C:\Users\akhil\.m2\repository\org\springframework\spring-webmvc\5.3.23\spring-webmvc-5.3.23.jar;C:\Users\akhil\.m2\repository\org\springframework\spring-aop\5.3.23\spring-aop-5.3.23.jar;C:\Users\akhil\.m2\repository\org\springframework\spring-context\5.3.23\spring-context-5.3.23.jar;C:\Users\akhil\.m2\repository\org\springframework\spring-expression\5.3.23\spring-expression-5.3.23.jar;C:\Users\akhil\.m2\repository\au\com\dius\pact\provider\4.1.7\provider-4.1.7.jar;C:\Users\akhil\.m2\repository\commons-io\commons-io\2.5\commons-io-2.5.jar;C:\Users\akhil\.m2\repository\au\com\dius\pact\core\model\4.1.7\model-4.1.7.jar;C:\Users\akhil\.m2\repository\com\github\zafarkhaja\java-semver\0.9.0\java-semver-0.9.0.jar;C:\Users\akhil\.m2\repository\org\apache\commons\commons-collections4\4.1\commons-collections4-4.1.jar;C:\Users\akhil\.m2\repository\com\github\mifmif\generex\1.0.2\generex-1.0.2.jar;C:\Users\akhil\.m2\repository\dk\brics\automaton\automaton\1.11-8\automaton-1.11-8.jar;C:\Users\akhil\.m2\repository\javax\mail\mail\1.5.0-b01\mail-1.5.0-b01.jar;C:\Users\akhil\.m2\repository\javax\activation\activation\1.1\activation-1.1.jar;C:\Users\akhil\.m2\repository\org\jetbrains\kotlin\kotlin-reflect\1.3.72\kotlin-reflect-1.3.72.jar;C:\Users\akhil\.m2\repository\org\apache\tika\tika-core\1.24.1\tika-core-1.24.1.jar;C:\Users\akhil\.m2\repository\au\com\dius\pact\core\pactbroker\4.1.7\pactbroker-4.1.7.jar;C:\Users\akhil\.m2\repository\org\apache\commons\commons-lang3\3.4\commons-lang3-3.4.jar;C:\Users\akhil\.m2\repository\com\google\guava\guava\18.0\guava-18.0.jar;C:\Users\akhil\.m2\repository\io\github\microutils\kotlin-logging\1.6.26\kotlin-logging-1.6.26.jar;C:\Users\akhil\.m2\repository\io\github\microutils\kotlin-logging-common\1.6.26\kotlin-logging-common-1.6.26.jar;C:\Users\akhil\.m2\repository\au\com\dius\pact\core\matchers\4.1.7\matchers-4.1.7.jar;C:\Users\akhil\.m2\repository\com\googlecode\java-diff-utils\diffutils\1.3.0\diffutils-1.3.0.jar;C:\Users\akhil\.m2\repository\xerces\xercesImpl\2.12.0\xercesImpl-2.12.0.jar;C:\Users\akhil\.m2\repository\xml-apis\xml-apis\1.4.01\xml-apis-1.4.01.jar;C:\Users\akhil\.m2\repository\org\atteo\evo-inflector\1.2.2\evo-inflector-1.2.2.jar;C:\Users\akhil\.m2\repository\au\com\dius\pact\core\support\4.1.7\support-4.1.7.jar;C:\Users\akhil\.m2\repository\org\antlr\antlr4\4.7.2\antlr4-4.7.2.jar;C:\Users\akhil\.m2\repository\org\antlr\antlr4-runtime\4.7.2\antlr4-runtime-4.7.2.jar;C:\Users\akhil\.m2\repository\org\antlr\antlr-runtime\3.5.2\antlr-runtime-3.5.2.jar;C:\Users\akhil\.m2\repository\org\antlr\ST4\4.1\ST4-4.1.jar;C:\Users\akhil\.m2\repository\org\abego\treelayout\org.abego.treelayout.core\1.0.3\org.abego.treelayout.core-1.0.3.jar;C:\Users\akhil\.m2\repository\org\glassfish\javax.json\1.0.4\javax.json-1.0.4.jar;C:\Users\akhil\.m2\repository\com\ibm\icu\icu4j\61.1\icu4j-61.1.jar;C:\Users\akhil\.m2\repository\org\jetbrains\kotlin\kotlin-stdlib-jdk8\1.3.72\kotlin-stdlib-jdk8-1.3.72.jar;C:\Users\akhil\.m2\repository\org\jetbrains\kotlin\kotlin-stdlib-jdk7\1.3.72\kotlin-stdlib-jdk7-1.3.72.jar;C:\Users\akhil\.m2\repository\com\google\code\findbugs\jsr305\3.0.2\jsr305-3.0.2.jar;C:\Users\akhil\.m2\repository\com\michael-bull\kotlin-result\kotlin-result\1.1.6\kotlin-result-1.1.6.jar;C:\Users\akhil\.m2\repository\org\jetbrains\kotlin\kotlin-stdlib\1.3.61\kotlin-stdlib-1.3.61.jar;C:\Users\akhil\.m2\repository\org\jetbrains\kotlin\kotlin-stdlib-common\1.3.61\kotlin-stdlib-common-1.3.61.jar;C:\Users\akhil\.m2\repository\org\jetbrains\annotations\13.0\annotations-13.0.jar;C:\Users\akhil\.m2\repository\org\slf4j\slf4j-api\1.7.28\slf4j-api-1.7.28.jar;C:\Users\akhil\.m2\repository\org\scala-lang\scala-library\2.13.2\scala-library-2.13.2.jar;C:\Users\akhil\.m2\repository\io\github\classgraph\classgraph\4.8.25\classgraph-4.8.25.jar;C:\Users\akhil\.m2\repository\org\codehaus\groovy\groovy\3.0.1\groovy-3.0.1.jar;C:\Users\akhil\.m2\repository\com\github\ajalt\mordant\1.2.1\mordant-1.2.1.jar;C:\Users\akhil\.m2\repository\com\github\ajalt\colormath\1.2.0\colormath-1.2.0.jar;C:\Users\akhil\.m2\repository\au\com\dius\pact\provider\junit5\4.1.7\junit5-4.1.7.jar;C:\Users\akhil\.m2\repository\org\apache\httpcomponents\httpclient\4.5\httpclient-4.5.jar;C:\Users\akhil\.m2\repository\org\apache\httpcomponents\httpcore\4.4.1\httpcore-4.4.1.jar;C:\Users\akhil\.m2\repository\commons-logging\commons-logging\1.2\commons-logging-1.2.jar;C:\Users\akhil\.m2\repository\commons-codec\commons-codec\1.9\commons-codec-1.9.jar;C:\Users\akhil\.m2\repository\org\junit\jupiter\junit-jupiter\5.8.0\junit-jupiter-5.8.0.jar;C:\Users\akhil\.m2\repository\org\junit\jupiter\junit-jupiter-params\5.8.0\junit-jupiter-params-5.8.0.jar;C:\Users\akhil\.m2\repository\org\junit\jupiter\junit-jupiter-engine\5.8.0\junit-jupiter-engine-5.8.0.jar;C:\Users\akhil\.m2\repository\org\junit\platform\junit-platform-engine\1.8.0\junit-platform-engine-1.8.0.jar;C:\Users\akhil\.m2\repository\org\junit\jupiter\junit-jupiter-api\5.8.0\junit-jupiter-api-5.8.0.jar;C:\Users\akhil\.m2\repository\org\opentest4j\opentest4j\1.2.0\opentest4j-1.2.0.jar;C:\Users\akhil\.m2\repository\org\junit\platform\junit-platform-commons\1.8.0\junit-platform-commons-1.8.0.jar;C:\Users\akhil\.m2\repository\org\apiguardian\apiguardian-api\1.1.2\apiguardian-api-1.1.2.jar;"/>
    <property name="sun.cpu.endian" value="little"/>
    <property name="user.home" value="C:\Users\akhil"/>
    <property name="user.language" value="en"/>
    <property name="java.specification.vendor" value="Oracle Corporation"/>
    <property name="java.home" value="C:\Program Files\Java\jdk1.8.0_231\jre"/>
    <property name="basedir" value="C:\Users\akhil\IdeaProjects\PACTTools\.idea\Producer"/>
    <property name="file.separator" value="\"/>
    <property name="line.separator" value="&#10;"/>
    <property name="java.vm.specification.vendor" value="Oracle Corporation"/>
    <property name="java.specification.name" value="Java Platform API Specification"/>
    <property name="FILE_LOG_CHARSET" value="windows-1252"/>
    <property name="java.awt.graphicsenv" value="sun.awt.Win32GraphicsEnvironment"/>
    <property name="java.awt.headless" value="true"/>
    <property name="surefire.real.class.path" value="C:\Users\akhil\AppData\Local\Temp\surefire1599287045344210568\surefirebooter6067599276954753886.jar"/>
    <property name="sun.boot.class.path" value="C:\Program Files\Java\jdk1.8.0_231\jre\lib\resources.jar;C:\Program Files\Java\jdk1.8.0_231\jre\lib\rt.jar;C:\Program Files\Java\jdk1.8.0_231\jre\lib\sunrsasign.jar;C:\Program Files\Java\jdk1.8.0_231\jre\lib\jsse.jar;C:\Program Files\Java\jdk1.8.0_231\jre\lib\jce.jar;C:\Program Files\Java\jdk1.8.0_231\jre\lib\charsets.jar;C:\Program Files\Java\jdk1.8.0_231\jre\lib\jfr.jar;C:\Program Files\Java\jdk1.8.0_231\jre\classes"/>
    <property name="user.script" value=""/>
    <property name="sun.management.compiler" value="HotSpot 64-Bit Tiered Compilers"/>
    <property name="java.runtime.version" value="1.8.0_231-b11"/>
    <property name="user.name" value="akhil"/>
    <property name="path.separator" value=";"/>
    <property name="os.version" value="10.0"/>
    <property name="java.endorsed.dirs" value="C:\Program Files\Java\jdk1.8.0_231\jre\lib\endorsed"/>
    <property name="java.runtime.name" value="Java(TM) SE Runtime Environment"/>
    <property name="file.encoding" value="Cp1252"/>
    <property name="spring.beaninfo.ignore" value="true"/>
    <property name="java.vm.name" value="Java HotSpot(TM) 64-Bit Server VM"/>
    <property name="localRepository" value="C:\Users\akhil\.m2\repository"/>
    <property name="java.vendor.url.bug" value="http://bugreport.sun.com/bugreport/"/>
    <property name="java.io.tmpdir" value="C:\Users\akhil\AppData\Local\Temp\"/>
    <property name="catalina.home" value="C:\Users\akhil\AppData\Local\Temp\tomcat.0.7483319605383802895"/>
    <property name="java.version" value="1.8.0_231"/>
    <property name="user.dir" value="C:\Users\akhil\IdeaProjects\PACTTools\.idea\Producer"/>
    <property name="os.arch" value="amd64"/>
    <property name="java.vm.specification.name" value="Java Virtual Machine Specification"/>
    <property name="PID" value="3312"/>
    <property name="java.awt.printerjob" value="sun.awt.windows.WPrinterJob"/>
    <property name="sun.os.patch.level" value=""/>
    <property name="CONSOLE_LOG_CHARSET" value="windows-1252"/>
    <property name="catalina.base" value="C:\Users\akhil\AppData\Local\Temp\tomcat.0.7483319605383802895"/>
    <property name="java.library.path" value="C:\Program Files\Java\jdk1.8.0_231\jre\bin;C:\WINDOWS\Sun\Java\bin;C:\WINDOWS\system32;C:\WINDOWS;C:\Program Files (x86)\Common Files\Oracle\Java\javapath;C:\Python310\Scripts\;C:\Python310\;C:\Program Files\nodejs\;C:\ProgramData\chocolatey\bin;C:\WINDOWS\system32;C:\WINDOWS;C:\WINDOWS\System32\Wbem;C:\WINDOWS\System32\WindowsPowerShell\v1.0\;C:\WINDOWS\System32\OpenSSH\;C:\Program Files\Java\jdk1.8.0_202\bin;C:\Program Files\apache-maven-3.8.5\bin;C:\Program Files\Kubernetes\Minikube;;C:\Program Files\Docker\Docker\resources\bin;C:\ProgramData\DockerDesktop\version-bin;C:\WINDOWS\system32;C:\WINDOWS;C:\WINDOWS\System32\Wbem;C:\WINDOWS\System32\WindowsPowerShell\v1.0\;C:\WINDOWS\System32\OpenSSH\;C:\Users\akhil\AppData\Local\Programs\Python\Launcher\;C:\Users\akhil\AppData\Local\Programs\Python\Python37\Scripts\;C:\Users\akhil\AppData\Local\Programs\Python\Python37\;C:\Program Files\nodejs;C:\Users\akhil\AppData\Roaming\npm;C:\Users\akhil\AppData\Local\Microsoft\WindowsApps;C:\Users\akhil\AppData\Local\atom\bin;C:\Users\akhil\AppData\Local\GitHubDesktop\bin;."/>
    <property name="java.vm.info" value="mixed mode"/>
    <property name="java.vendor" value="Oracle Corporation"/>
    <property name="java.vm.version" value="25.231-b11"/>
    <property name="java.ext.dirs" value="C:\Program Files\Java\jdk1.8.0_231\jre\lib\ext;C:\WINDOWS\Sun\Java\lib\ext"/>
    <property name="sun.io.unicode.encoding" value="UnicodeLittle"/>
    <property name="java.class.version" value="52.0"/>
  </properties>
  <testcase name="verifyPact(PactVerificationContext,HttpRequest)" classname="au.com.dius.pactworkshop.provider.ProductPactProviderTest" time="1.607"/>
  <testcase name="verifyPact(PactVerificationContext,HttpRequest)" classname="au.com.dius.pactworkshop.provider.ProductPactProviderTest" time="0.207"/>
  <testcase name="verifyPact(PactVerificationContext,HttpRequest)" classname="au.com.dius.pactworkshop.provider.ProductPactProviderTest" time="0.133"/>
  <testcase name="verifyPact(PactVerificationContext,HttpRequest)" classname="au.com.dius.pactworkshop.provider.ProductPactProviderTest" time="0.027"/>
  <testcase name="verifyPact(PactVerificationContext,HttpRequest)" classname="au.com.dius.pactworkshop.provider.ProductPactProviderTest" time="0.041"/>
  <testcase name="verifyPact(PactVerificationContext,HttpRequest)" classname="au.com.dius.pactworkshop.provider.ProductPactProviderTest" time="0.03"/>
</testsuite>