<?xml version="1.0" encoding="UTF-8"?>
<testsuite xmlns:xsi="http://www.w3.org/2001/XMLSchema-instance" xsi:noNamespaceSchemaLocation="https://maven.apache.org/surefire/maven-surefire-plugin/xsd/surefire-test-report-3.0.xsd" version="3.0" name="au.com.dius.pactworkshop.consumer.ProductConsumerPactTest" time="3.37" tests="6" errors="0" skipped="0" failures="0">
  <properties>
    <property name="sun.desktop" value="windows"/>
    <property name="awt.toolkit" value="sun.awt.windows.WToolkit"/>
    <property name="file.encoding.pkg" value="sun.io"/>
    <property name="java.specification.version" value="1.8"/>
    <property name="sun.cpu.isalist" value="amd64"/>
    <property name="sun.jnu.encoding" value="Cp1252"/>
    <property name="java.class.path" value="C:\Users\akhil\IdeaProjects\PACTTools\.idea\Consumer\target\test-classes;C:\Users\akhil\IdeaProjects\PACTTools\.idea\Consumer\target\classes;C:\Users\akhil\.m2\repository\org\springframework\spring-web\5.3.23\spring-web-5.3.23.jar;C:\Users\akhil\.m2\repository\org\springframework\spring-beans\5.3.23\spring-beans-5.3.23.jar;C:\Users\akhil\.m2\repository\org\springframework\spring-core\5.3.23\spring-core-5.3.23.jar;C:\Users\akhil\.m2\repository\org\springframework\spring-jcl\5.3.23\spring-jcl-5.3.23.jar;C:\Users\akhil\.m2\repository\org\springframework\boot\spring-boot-starter-web\2.7.5\spring-boot-starter-web-2.7.5.jar;C:\Users\akhil\.m2\repository\org\springframework\boot\spring-boot-starter\2.7.5\spring-boot-starter-2.7.5.jar;C:\Users\akhil\.m2\repository\org\springframework\boot\spring-boot\2.7.5\spring-boot-2.7.5.jar;C:\Users\akhil\.m2\repository\org\springframework\boot\spring-boot-autoconfigure\2.7.5\spring-boot-autoconfigure-2.7.5.jar;C:\Users\akhil\.m2\repository\org\springframework\boot\spring-boot-starter-logging\2.7.5\spring-boot-starter-logging-2.7.5.jar;C:\Users\akhil\.m2\repository\ch\qos\logback\logback-classic\1.2.11\logback-classic-1.2.11.jar;C:\Users\akhil\.m2\repository\ch\qos\logback\logback-core\1.2.11\logback-core-1.2.11.jar;C:\Users\akhil\.m2\repository\org\apache\logging\log4j\log4j-to-slf4j\2.17.2\log4j-to-slf4j-2.17.2.jar;C:\Users\akhil\.m2\repository\org\apache\logging\log4j\log4j-api\2.17.2\log4j-api-2.17.2.jar;C:\Users\akhil\.m2\repository\org\slf4j\jul-to-slf4j\1.7.36\jul-to-slf4j-1.7.36.jar;C:\Users\akhil\.m2\repository\jakarta\annotation\jakarta.annotation-api\1.3.5\jakarta.annotation-api-1.3.5.jar;C:\Users\akhil\.m2\repository\org\yaml\snakeyaml\1.30\snakeyaml-1.30.jar;C:\Users\akhil\.m2\repository\org\springframework\boot\spring-boot-starter-json\2.7.5\spring-boot-starter-json-2.7.5.jar;C:\Users\akhil\.m2\repository\com\fasterxml\jackson\datatype\jackson-datatype-jdk8\2.13.4\jackson-datatype-jdk8-2.13.4.jar;C:\Users\akhil\.m2\repository\com\fasterxml\jackson\datatype\jackson-datatype-jsr310\2.13.4\jackson-datatype-jsr310-2.13.4.jar;C:\Users\akhil\.m2\repository\com\fasterxml\jackson\module\jackson-module-parameter-names\2.13.4\jackson-module-parameter-names-2.13.4.jar;C:\Users\akhil\.m2\repository\org\springframework\boot\spring-boot-starter-tomcat\2.7.5\spring-boot-starter-tomcat-2.7.5.jar;C:\Users\akhil\.m2\repository\org\apache\tomcat\embed\tomcat-embed-core\9.0.68\tomcat-embed-core-9.0.68.jar;C:\Users\akhil\.m2\repository\org\apache\tomcat\embed\tomcat-embed-el\9.0.68\tomcat-embed-el-9.0.68.jar;C:\Users\akhil\.m2\repository\org\apache\tomcat\embed\tomcat-embed-websocket\9.0.68\tomcat-embed-websocket-9.0.68.jar;C:\Users\akhil\.m2\repository\org\springframework\spring-webmvc\5.3.23\spring-webmvc-5.3.23.jar;C:\Users\akhil\.m2\repository\org\springframework\spring-aop\5.3.23\spring-aop-5.3.23.jar;C:\Users\akhil\.m2\repository\org\springframework\spring-context\5.3.23\spring-context-5.3.23.jar;C:\Users\akhil\.m2\repository\org\springframework\spring-expression\5.3.23\spring-expression-5.3.23.jar;C:\Users\akhil\.m2\repository\au\com\dius\pact-jvm-consumer-java8\4.0.10\pact-jvm-consumer-java8-4.0.10.jar;C:\Users\akhil\.m2\repository\au\com\dius\pact-jvm-consumer\4.0.10\pact-jvm-consumer-4.0.10.jar;C:\Users\akhil\.m2\repository\com\googlecode\java-diff-utils\diffutils\1.3.0\diffutils-1.3.0.jar;C:\Users\akhil\.m2\repository\dk\brics\automaton\automaton\1.11-8\automaton-1.11-8.jar;C:\Users\akhil\.m2\repository\org\json\json\20160212\json-20160212.jar;C:\Users\akhil\.m2\repository\io\netty\netty-handler\4.1.30.Final\netty-handler-4.1.30.Final.jar;C:\Users\akhil\.m2\repository\io\netty\netty-buffer\4.1.30.Final\netty-buffer-4.1.30.Final.jar;C:\Users\akhil\.m2\repository\io\netty\netty-common\4.1.30.Final\netty-common-4.1.30.Final.jar;C:\Users\akhil\.m2\repository\io\netty\netty-transport\4.1.30.Final\netty-transport-4.1.30.Final.jar;C:\Users\akhil\.m2\repository\io\netty\netty-resolver\4.1.30.Final\netty-resolver-4.1.30.Final.jar;C:\Users\akhil\.m2\repository\io\netty\netty-codec\4.1.30.Final\netty-codec-4.1.30.Final.jar;C:\Users\akhil\.m2\repository\org\apache\httpcomponents\httpmime\4.5.5\httpmime-4.5.5.jar;C:\Users\akhil\.m2\repository\org\apache\httpcomponents\fluent-hc\4.5.5\fluent-hc-4.5.5.jar;C:\Users\akhil\.m2\repository\au\com\dius\pact-jvm-core-model\4.0.10\pact-jvm-core-model-4.0.10.jar;C:\Users\akhil\.m2\repository\com\github\zafarkhaja\java-semver\0.9.0\java-semver-0.9.0.jar;C:\Users\akhil\.m2\repository\org\apache\commons\commons-collections4\4.1\commons-collections4-4.1.jar;C:\Users\akhil\.m2\repository\com\github\mifmif\generex\1.0.2\generex-1.0.2.jar;C:\Users\akhil\.m2\repository\javax\mail\mail\1.5.0-b01\mail-1.5.0-b01.jar;C:\Users\akhil\.m2\repository\javax\activation\activation\1.1\activation-1.1.jar;C:\Users\akhil\.m2\repository\org\jetbrains\kotlin\kotlin-reflect\1.3.71\kotlin-reflect-1.3.71.jar;C:\Users\akhil\.m2\repository\au\com\dius\pact-jvm-core-support\4.0.10\pact-jvm-core-support-4.0.10.jar;C:\Users\akhil\.m2\repository\org\antlr\antlr4\4.7.2\antlr4-4.7.2.jar;C:\Users\akhil\.m2\repository\org\antlr\antlr-runtime\3.5.2\antlr-runtime-3.5.2.jar;C:\Users\akhil\.m2\repository\org\antlr\ST4\4.1\ST4-4.1.jar;C:\Users\akhil\.m2\repository\org\abego\treelayout\org.abego.treelayout.core\1.0.3\org.abego.treelayout.core-1.0.3.jar;C:\Users\akhil\.m2\repository\org\glassfish\javax.json\1.0.4\javax.json-1.0.4.jar;C:\Users\akhil\.m2\repository\com\ibm\icu\icu4j\61.1\icu4j-61.1.jar;C:\Users\akhil\.m2\repository\io\github\microutils\kotlin-logging\1.6.26\kotlin-logging-1.6.26.jar;C:\Users\akhil\.m2\repository\io\github\microutils\kotlin-logging-common\1.6.26\kotlin-logging-common-1.6.26.jar;C:\Users\akhil\.m2\repository\io\arrow-kt\arrow-core-extensions\0.9.0\arrow-core-extensions-0.9.0.jar;C:\Users\akhil\.m2\repository\io\arrow-kt\arrow-annotations\0.9.0\arrow-annotations-0.9.0.jar;C:\Users\akhil\.m2\repository\io\kindedj\kindedj\1.1.0\kindedj-1.1.0.jar;C:\Users\akhil\.m2\repository\io\arrow-kt\arrow-typeclasses\0.9.0\arrow-typeclasses-0.9.0.jar;C:\Users\akhil\.m2\repository\io\arrow-kt\arrow-core-data\0.9.0\arrow-core-data-0.9.0.jar;C:\Users\akhil\.m2\repository\com\google\code\findbugs\jsr305\3.0.2\jsr305-3.0.2.jar;C:\Users\akhil\.m2\repository\au\com\dius\pact-jvm-core-pact-broker\4.0.10\pact-jvm-core-pact-broker-4.0.10.jar;C:\Users\akhil\.m2\repository\org\dmfs\rfc3986-uri\0.8\rfc3986-uri-0.8.jar;C:\Users\akhil\.m2\repository\org\dmfs\iterators\1.5\iterators-1.5.jar;C:\Users\akhil\.m2\repository\org\dmfs\optional\0.3\optional-0.3.jar;C:\Users\akhil\.m2\repository\com\google\code\gson\gson\2.8.6\gson-2.8.6.jar;C:\Users\akhil\.m2\repository\com\github\salomonbrys\kotson\kotson\2.5.0\kotson-2.5.0.jar;C:\Users\akhil\.m2\repository\au\com\dius\pact-jvm-core-matchers\4.0.10\pact-jvm-core-matchers-4.0.10.jar;C:\Users\akhil\.m2\repository\xerces\xercesImpl\2.12.0\xercesImpl-2.12.0.jar;C:\Users\akhil\.m2\repository\xml-apis\xml-apis\1.4.01\xml-apis-1.4.01.jar;C:\Users\akhil\.m2\repository\org\atteo\evo-inflector\1.2.2\evo-inflector-1.2.2.jar;C:\Users\akhil\.m2\repository\io\ktor\ktor-server-netty\1.2.6\ktor-server-netty-1.2.6.jar;C:\Users\akhil\.m2\repository\org\jetbrains\kotlin\kotlin-stdlib\1.3.60\kotlin-stdlib-1.3.60.jar;C:\Users\akhil\.m2\repository\org\jetbrains\kotlin\kotlin-stdlib-common\1.3.60\kotlin-stdlib-common-1.3.60.jar;C:\Users\akhil\.m2\repository\org\jetbrains\annotations\13.0\annotations-13.0.jar;C:\Users\akhil\.m2\repository\org\jetbrains\kotlin\kotlin-stdlib-jdk7\1.3.60\kotlin-stdlib-jdk7-1.3.60.jar;C:\Users\akhil\.m2\repository\org\jetbrains\kotlin\kotlin-stdlib-jdk8\1.3.60\kotlin-stdlib-jdk8-1.3.60.jar;C:\Users\akhil\.m2\repository\org\jetbrains\kotlinx\atomicfu\0.14.1\atomicfu-0.14.1.jar;C:\Users\akhil\.m2\repository\com\typesafe\config\1.3.1\config-1.3.1.jar;C:\Users\akhil\.m2\repository\org\jetbrains\kotlinx\kotlinx-coroutines-jdk8\1.3.2-1.3.60\kotlinx-coroutines-jdk8-1.3.2-1.3.60.jar;C:\Users\akhil\.m2\repository\org\jetbrains\kotlinx\kotlinx-coroutines-core\1.3.2-1.3.60\kotlinx-coroutines-core-1.3.2-1.3.60.jar;C:\Users\akhil\.m2\repository\org\jetbrains\kotlinx\kotlinx-io-jvm\0.1.16\kotlinx-io-jvm-0.1.16.jar;C:\Users\akhil\.m2\repository\org\jetbrains\kotlinx\atomicfu-common\0.14.1\atomicfu-common-0.14.1.jar;C:\Users\akhil\.m2\repository\org\jetbrains\kotlinx\kotlinx-io\0.1.16\kotlinx-io-0.1.16.jar;C:\Users\akhil\.m2\repository\org\jetbrains\kotlinx\kotlinx-coroutines-io-jvm\0.1.16\kotlinx-coroutines-io-jvm-0.1.16.jar;C:\Users\akhil\.m2\repository\org\jetbrains\kotlinx\kotlinx-coroutines-core-common\1.3.2-1.3.60\kotlinx-coroutines-core-common-1.3.2-1.3.60.jar;C:\Users\akhil\.m2\repository\org\jetbrains\kotlinx\kotlinx-coroutines-io\0.1.16\kotlinx-coroutines-io-0.1.16.jar;C:\Users\akhil\.m2\repository\io\ktor\ktor-server-host-common\1.2.6\ktor-server-host-common-1.2.6.jar;C:\Users\akhil\.m2\repository\io\ktor\ktor-server-core\1.2.6\ktor-server-core-1.2.6.jar;C:\Users\akhil\.m2\repository\io\netty\netty-codec-http2\4.1.37.Final\netty-codec-http2-4.1.37.Final.jar;C:\Users\akhil\.m2\repository\io\netty\netty-codec-http\4.1.37.Final\netty-codec-http-4.1.37.Final.jar;C:\Users\akhil\.m2\repository\org\eclipse\jetty\alpn\alpn-api\1.1.3.v20160715\alpn-api-1.1.3.v20160715.jar;C:\Users\akhil\.m2\repository\io\netty\netty-transport-native-kqueue\4.1.37.Final\netty-transport-native-kqueue-4.1.37.Final.jar;C:\Users\akhil\.m2\repository\io\netty\netty-transport-native-unix-common\4.1.37.Final\netty-transport-native-unix-common-4.1.37.Final.jar;C:\Users\akhil\.m2\repository\io\netty\netty-transport-native-epoll\4.1.37.Final\netty-transport-native-epoll-4.1.37.Final.jar;C:\Users\akhil\.m2\repository\io\ktor\ktor-network-tls\1.2.6\ktor-network-tls-1.2.6.jar;C:\Users\akhil\.m2\repository\io\ktor\ktor-network\1.2.6\ktor-network-1.2.6.jar;C:\Users\akhil\.m2\repository\io\ktor\ktor-utils-jvm\1.2.6\ktor-utils-jvm-1.2.6.jar;C:\Users\akhil\.m2\repository\io\ktor\ktor-http-cio-jvm\1.2.6\ktor-http-cio-jvm-1.2.6.jar;C:\Users\akhil\.m2\repository\io\ktor\ktor-http-jvm\1.2.6\ktor-http-jvm-1.2.6.jar;C:\Users\akhil\.m2\repository\au\com\dius\pact-jvm-consumer-junit5\4.0.10\pact-jvm-consumer-junit5-4.0.10.jar;C:\Users\akhil\.m2\repository\org\slf4j\slf4j-api\1.7.28\slf4j-api-1.7.28.jar;C:\Users\akhil\.m2\repository\org\junit\jupiter\junit-jupiter\5.8.0\junit-jupiter-5.8.0.jar;C:\Users\akhil\.m2\repository\org\junit\jupiter\junit-jupiter-params\5.8.0\junit-jupiter-params-5.8.0.jar;C:\Users\akhil\.m2\repository\org\junit\jupiter\junit-jupiter-engine\5.8.0\junit-jupiter-engine-5.8.0.jar;C:\Users\akhil\.m2\repository\org\junit\platform\junit-platform-engine\1.8.0\junit-platform-engine-1.8.0.jar;C:\Users\akhil\.m2\repository\org\junit\jupiter\junit-jupiter-api\5.8.0\junit-jupiter-api-5.8.0.jar;C:\Users\akhil\.m2\repository\org\opentest4j\opentest4j\1.2.0\opentest4j-1.2.0.jar;C:\Users\akhil\.m2\repository\org\junit\platform\junit-platform-commons\1.8.0\junit-platform-commons-1.8.0.jar;C:\Users\akhil\.m2\repository\org\apiguardian\apiguardian-api\1.1.2\apiguardian-api-1.1.2.jar;C:\Users\akhil\.m2\repository\com\github\tomakehurst\wiremock\2.27.2\wiremock-2.27.2.jar;C:\Users\akhil\.m2\repository\org\eclipse\jetty\jetty-server\9.2.28.v20190418\jetty-server-9.2.28.v20190418.jar;C:\Users\akhil\.m2\repository\javax\servlet\javax.servlet-api\3.1.0\javax.servlet-api-3.1.0.jar;C:\Users\akhil\.m2\repository\org\eclipse\jetty\jetty-http\9.2.28.v20190418\jetty-http-9.2.28.v20190418.jar;C:\Users\akhil\.m2\repository\org\eclipse\jetty\jetty-io\9.2.28.v20190418\jetty-io-9.2.28.v20190418.jar;C:\Users\akhil\.m2\repository\org\eclipse\jetty\jetty-servlet\9.2.28.v20190418\jetty-servlet-9.2.28.v20190418.jar;C:\Users\akhil\.m2\repository\org\eclipse\jetty\jetty-security\9.2.28.v20190418\jetty-security-9.2.28.v20190418.jar;C:\Users\akhil\.m2\repository\org\eclipse\jetty\jetty-servlets\9.2.28.v20190418\jetty-servlets-9.2.28.v20190418.jar;C:\Users\akhil\.m2\repository\org\eclipse\jetty\jetty-continuation\9.2.28.v20190418\jetty-continuation-9.2.28.v20190418.jar;C:\Users\akhil\.m2\repository\org\eclipse\jetty\jetty-util\9.2.28.v20190418\jetty-util-9.2.28.v20190418.jar;C:\Users\akhil\.m2\repository\org\eclipse\jetty\jetty-webapp\9.2.28.v20190418\jetty-webapp-9.2.28.v20190418.jar;C:\Users\akhil\.m2\repository\org\eclipse\jetty\jetty-xml\9.2.28.v20190418\jetty-xml-9.2.28.v20190418.jar;C:\Users\akhil\.m2\repository\org\eclipse\jetty\jetty-proxy\9.2.28.v20190418\jetty-proxy-9.2.28.v20190418.jar;C:\Users\akhil\.m2\repository\org\eclipse\jetty\jetty-client\9.2.28.v20190418\jetty-client-9.2.28.v20190418.jar;C:\Users\akhil\.m2\repository\com\google\guava\guava\20.0\guava-20.0.jar;C:\Users\akhil\.m2\repository\com\fasterxml\jackson\core\jackson-core\2.11.0\jackson-core-2.11.0.jar;C:\Users\akhil\.m2\repository\com\fasterxml\jackson\core\jackson-annotations\2.11.0\jackson-annotations-2.11.0.jar;C:\Users\akhil\.m2\repository\com\fasterxml\jackson\core\jackson-databind\2.11.0\jackson-databind-2.11.0.jar;C:\Users\akhil\.m2\repository\org\apache\httpcomponents\httpclient\4.5.12\httpclient-4.5.12.jar;C:\Users\akhil\.m2\repository\org\apache\httpcomponents\httpcore\4.4.13\httpcore-4.4.13.jar;C:\Users\akhil\.m2\repository\commons-logging\commons-logging\1.2\commons-logging-1.2.jar;C:\Users\akhil\.m2\repository\commons-codec\commons-codec\1.11\commons-codec-1.11.jar;C:\Users\akhil\.m2\repository\org\xmlunit\xmlunit-core\2.7.0\xmlunit-core-2.7.0.jar;C:\Users\akhil\.m2\repository\org\xmlunit\xmlunit-legacy\2.7.0\xmlunit-legacy-2.7.0.jar;C:\Users\akhil\.m2\repository\org\xmlunit\xmlunit-placeholders\2.7.0\xmlunit-placeholders-2.7.0.jar;C:\Users\akhil\.m2\repository\com\jayway\jsonpath\json-path\2.4.0\json-path-2.4.0.jar;C:\Users\akhil\.m2\repository\net\minidev\json-smart\2.3\json-smart-2.3.jar;C:\Users\akhil\.m2\repository\net\minidev\accessors-smart\1.2\accessors-smart-1.2.jar;C:\Users\akhil\.m2\repository\org\ow2\asm\asm\7.0\asm-7.0.jar;C:\Users\akhil\.m2\repository\net\sf\jopt-simple\jopt-simple\5.0.3\jopt-simple-5.0.3.jar;C:\Users\akhil\.m2\repository\org\apache\commons\commons-lang3\3.7\commons-lang3-3.7.jar;C:\Users\akhil\.m2\repository\com\github\jknack\handlebars\4.0.7\handlebars-4.0.7.jar;C:\Users\akhil\.m2\repository\org\antlr\antlr4-runtime\4.7.1\antlr4-runtime-4.7.1.jar;C:\Users\akhil\.m2\repository\com\github\jknack\handlebars-helpers\4.0.7\handlebars-helpers-4.0.7.jar;C:\Users\akhil\.m2\repository\com\flipkart\zjsonpatch\zjsonpatch\0.4.4\zjsonpatch-0.4.4.jar;C:\Users\akhil\.m2\repository\commons-fileupload\commons-fileupload\1.4\commons-fileupload-1.4.jar;C:\Users\akhil\.m2\repository\commons-io\commons-io\2.2\commons-io-2.2.jar;"/>
    <property name="java.vm.vendor" value="Oracle Corporation"/>
    <property name="sun.arch.data.model" value="64"/>
    <property name="user.variant" value=""/>
    <property name="java.vendor.url" value="http://java.oracle.com/"/>
    <property name="user.timezone" value="America/New_York"/>
    <property name="java.vm.specification.version" value="1.8"/>
    <property name="os.name" value="Windows 10"/>
    <property name="user.country" value="US"/>
    <property name="sun.java.launcher" value="SUN_STANDARD"/>
    <property name="sun.boot.library.path" value="C:\Program Files\Java\jdk1.8.0_231\jre\bin"/>
    <property name="sun.java.command" value="C:\Users\akhil\AppData\Local\Temp\surefire718034234122130209\surefirebooter8824876678752752645.jar C:\Users\akhil\AppData\Local\Temp\surefire718034234122130209 2023-04-19T23-16-25_741-jvmRun1 surefire1727481933319677023tmp surefire_04752587195403535428tmp"/>
    <property name="surefire.test.class.path" value="C:\Users\akhil\IdeaProjects\PACTTools\.idea\Consumer\target\test-classes;C:\Users\akhil\IdeaProjects\PACTTools\.idea\Consumer\target\classes;C:\Users\akhil\.m2\repository\org\springframework\spring-web\5.3.23\spring-web-5.3.23.jar;C:\Users\akhil\.m2\repository\org\springframework\spring-beans\5.3.23\spring-beans-5.3.23.jar;C:\Users\akhil\.m2\repository\org\springframework\spring-core\5.3.23\spring-core-5.3.23.jar;C:\Users\akhil\.m2\repository\org\springframework\spring-jcl\5.3.23\spring-jcl-5.3.23.jar;C:\Users\akhil\.m2\repository\org\springframework\boot\spring-boot-starter-web\2.7.5\spring-boot-starter-web-2.7.5.jar;C:\Users\akhil\.m2\repository\org\springframework\boot\spring-boot-starter\2.7.5\spring-boot-starter-2.7.5.jar;C:\Users\akhil\.m2\repository\org\springframework\boot\spring-boot\2.7.5\spring-boot-2.7.5.jar;C:\Users\akhil\.m2\repository\org\springframework\boot\spring-boot-autoconfigure\2.7.5\spring-boot-autoconfigure-2.7.5.jar;C:\Users\akhil\.m2\repository\org\springframework\boot\spring-boot-starter-logging\2.7.5\spring-boot-starter-logging-2.7.5.jar;C:\Users\akhil\.m2\repository\ch\qos\logback\logback-classic\1.2.11\logback-classic-1.2.11.jar;C:\Users\akhil\.m2\repository\ch\qos\logback\logback-core\1.2.11\logback-core-1.2.11.jar;C:\Users\akhil\.m2\repository\org\apache\logging\log4j\log4j-to-slf4j\2.17.2\log4j-to-slf4j-2.17.2.jar;C:\Users\akhil\.m2\repository\org\apache\logging\log4j\log4j-api\2.17.2\log4j-api-2.17.2.jar;C:\Users\akhil\.m2\repository\org\slf4j\jul-to-slf4j\1.7.36\jul-to-slf4j-1.7.36.jar;C:\Users\akhil\.m2\repository\jakarta\annotation\jakarta.annotation-api\1.3.5\jakarta.annotation-api-1.3.5.jar;C:\Users\akhil\.m2\repository\org\yaml\snakeyaml\1.30\snakeyaml-1.30.jar;C:\Users\akhil\.m2\repository\org\springframework\boot\spring-boot-starter-json\2.7.5\spring-boot-starter-json-2.7.5.jar;C:\Users\akhil\.m2\repository\com\fasterxml\jackson\datatype\jackson-datatype-jdk8\2.13.4\jackson-datatype-jdk8-2.13.4.jar;C:\Users\akhil\.m2\repository\com\fasterxml\jackson\datatype\jackson-datatype-jsr310\2.13.4\jackson-datatype-jsr310-2.13.4.jar;C:\Users\akhil\.m2\repository\com\fasterxml\jackson\module\jackson-module-parameter-names\2.13.4\jackson-module-parameter-names-2.13.4.jar;C:\Users\akhil\.m2\repository\org\springframework\boot\spring-boot-starter-tomcat\2.7.5\spring-boot-starter-tomcat-2.7.5.jar;C:\Users\akhil\.m2\repository\org\apache\tomcat\embed\tomcat-embed-core\9.0.68\tomcat-embed-core-9.0.68.jar;C:\Users\akhil\.m2\repository\org\apache\tomcat\embed\tomcat-embed-el\9.0.68\tomcat-embed-el-9.0.68.jar;C:\Users\akhil\.m2\repository\org\apache\tomcat\embed\tomcat-embed-websocket\9.0.68\tomcat-embed-websocket-9.0.68.jar;C:\Users\akhil\.m2\repository\org\springframework\spring-webmvc\5.3.23\spring-webmvc-5.3.23.jar;C:\Users\akhil\.m2\repository\org\springframework\spring-aop\5.3.23\spring-aop-5.3.23.jar;C:\Users\akhil\.m2\repository\org\springframework\spring-context\5.3.23\spring-context-5.3.23.jar;C:\Users\akhil\.m2\repository\org\springframework\spring-expression\5.3.23\spring-expression-5.3.23.jar;C:\Users\akhil\.m2\repository\au\com\dius\pact-jvm-consumer-java8\4.0.10\pact-jvm-consumer-java8-4.0.10.jar;C:\Users\akhil\.m2\repository\au\com\dius\pact-jvm-consumer\4.0.10\pact-jvm-consumer-4.0.10.jar;C:\Users\akhil\.m2\repository\com\googlecode\java-diff-utils\diffutils\1.3.0\diffutils-1.3.0.jar;C:\Users\akhil\.m2\repository\dk\brics\automaton\automaton\1.11-8\automaton-1.11-8.jar;C:\Users\akhil\.m2\repository\org\json\json\20160212\json-20160212.jar;C:\Users\akhil\.m2\repository\io\netty\netty-handler\4.1.30.Final\netty-handler-4.1.30.Final.jar;C:\Users\akhil\.m2\repository\io\netty\netty-buffer\4.1.30.Final\netty-buffer-4.1.30.Final.jar;C:\Users\akhil\.m2\repository\io\netty\netty-common\4.1.30.Final\netty-common-4.1.30.Final.jar;C:\Users\akhil\.m2\repository\io\netty\netty-transport\4.1.30.Final\netty-transport-4.1.30.Final.jar;C:\Users\akhil\.m2\repository\io\netty\netty-resolver\4.1.30.Final\netty-resolver-4.1.30.Final.jar;C:\Users\akhil\.m2\repository\io\netty\netty-codec\4.1.30.Final\netty-codec-4.1.30.Final.jar;C:\Users\akhil\.m2\repository\org\apache\httpcomponents\httpmime\4.5.5\httpmime-4.5.5.jar;C:\Users\akhil\.m2\repository\org\apache\httpcomponents\fluent-hc\4.5.5\fluent-hc-4.5.5.jar;C:\Users\akhil\.m2\repository\au\com\dius\pact-jvm-core-model\4.0.10\pact-jvm-core-model-4.0.10.jar;C:\Users\akhil\.m2\repository\com\github\zafarkhaja\java-semver\0.9.0\java-semver-0.9.0.jar;C:\Users\akhil\.m2\repository\org\apache\commons\commons-collections4\4.1\commons-collections4-4.1.jar;C:\Users\akhil\.m2\repository\com\github\mifmif\generex\1.0.2\generex-1.0.2.jar;C:\Users\akhil\.m2\repository\javax\mail\mail\1.5.0-b01\mail-1.5.0-b01.jar;C:\Users\akhil\.m2\repository\javax\activation\activation\1.1\activation-1.1.jar;C:\Users\akhil\.m2\repository\org\jetbrains\kotlin\kotlin-reflect\1.3.71\kotlin-reflect-1.3.71.jar;C:\Users\akhil\.m2\repository\au\com\dius\pact-jvm-core-support\4.0.10\pact-jvm-core-support-4.0.10.jar;C:\Users\akhil\.m2\repository\org\antlr\antlr4\4.7.2\antlr4-4.7.2.jar;C:\Users\akhil\.m2\repository\org\antlr\antlr-runtime\3.5.2\antlr-runtime-3.5.2.jar;C:\Users\akhil\.m2\repository\org\antlr\ST4\4.1\ST4-4.1.jar;C:\Users\akhil\.m2\repository\org\abego\treelayout\org.abego.treelayout.core\1.0.3\org.abego.treelayout.core-1.0.3.jar;C:\Users\akhil\.m2\repository\org\glassfish\javax.json\1.0.4\javax.json-1.0.4.jar;C:\Users\akhil\.m2\repository\com\ibm\icu\icu4j\61.1\icu4j-61.1.jar;C:\Users\akhil\.m2\repository\io\github\microutils\kotlin-logging\1.6.26\kotlin-logging-1.6.26.jar;C:\Users\akhil\.m2\repository\io\github\microutils\kotlin-logging-common\1.6.26\kotlin-logging-common-1.6.26.jar;C:\Users\akhil\.m2\repository\io\arrow-kt\arrow-core-extensions\0.9.0\arrow-core-extensions-0.9.0.jar;C:\Users\akhil\.m2\repository\io\arrow-kt\arrow-annotations\0.9.0\arrow-annotations-0.9.0.jar;C:\Users\akhil\.m2\repository\io\kindedj\kindedj\1.1.0\kindedj-1.1.0.jar;C:\Users\akhil\.m2\repository\io\arrow-kt\arrow-typeclasses\0.9.0\arrow-typeclasses-0.9.0.jar;C:\Users\akhil\.m2\repository\io\arrow-kt\arrow-core-data\0.9.0\arrow-core-data-0.9.0.jar;C:\Users\akhil\.m2\repository\com\google\code\findbugs\jsr305\3.0.2\jsr305-3.0.2.jar;C:\Users\akhil\.m2\repository\au\com\dius\pact-jvm-core-pact-broker\4.0.10\pact-jvm-core-pact-broker-4.0.10.jar;C:\Users\akhil\.m2\repository\org\dmfs\rfc3986-uri\0.8\rfc3986-uri-0.8.jar;C:\Users\akhil\.m2\repository\org\dmfs\iterators\1.5\iterators-1.5.jar;C:\Users\akhil\.m2\repository\org\dmfs\optional\0.3\optional-0.3.jar;C:\Users\akhil\.m2\repository\com\google\code\gson\gson\2.8.6\gson-2.8.6.jar;C:\Users\akhil\.m2\repository\com\github\salomonbrys\kotson\kotson\2.5.0\kotson-2.5.0.jar;C:\Users\akhil\.m2\repository\au\com\dius\pact-jvm-core-matchers\4.0.10\pact-jvm-core-matchers-4.0.10.jar;C:\Users\akhil\.m2\repository\xerces\xercesImpl\2.12.0\xercesImpl-2.12.0.jar;C:\Users\akhil\.m2\repository\xml-apis\xml-apis\1.4.01\xml-apis-1.4.01.jar;C:\Users\akhil\.m2\repository\org\atteo\evo-inflector\1.2.2\evo-inflector-1.2.2.jar;C:\Users\akhil\.m2\repository\io\ktor\ktor-server-netty\1.2.6\ktor-server-netty-1.2.6.jar;C:\Users\akhil\.m2\repository\org\jetbrains\kotlin\kotlin-stdlib\1.3.60\kotlin-stdlib-1.3.60.jar;C:\Users\akhil\.m2\repository\org\jetbrains\kotlin\kotlin-stdlib-common\1.3.60\kotlin-stdlib-common-1.3.60.jar;C:\Users\akhil\.m2\repository\org\jetbrains\annotations\13.0\annotations-13.0.jar;C:\Users\akhil\.m2\repository\org\jetbrains\kotlin\kotlin-stdlib-jdk7\1.3.60\kotlin-stdlib-jdk7-1.3.60.jar;C:\Users\akhil\.m2\repository\org\jetbrains\kotlin\kotlin-stdlib-jdk8\1.3.60\kotlin-stdlib-jdk8-1.3.60.jar;C:\Users\akhil\.m2\repository\org\jetbrains\kotlinx\atomicfu\0.14.1\atomicfu-0.14.1.jar;C:\Users\akhil\.m2\repository\com\typesafe\config\1.3.1\config-1.3.1.jar;C:\Users\akhil\.m2\repository\org\jetbrains\kotlinx\kotlinx-coroutines-jdk8\1.3.2-1.3.60\kotlinx-coroutines-jdk8-1.3.2-1.3.60.jar;C:\Users\akhil\.m2\repository\org\jetbrains\kotlinx\kotlinx-coroutines-core\1.3.2-1.3.60\kotlinx-coroutines-core-1.3.2-1.3.60.jar;C:\Users\akhil\.m2\repository\org\jetbrains\kotlinx\kotlinx-io-jvm\0.1.16\kotlinx-io-jvm-0.1.16.jar;C:\Users\akhil\.m2\repository\org\jetbrains\kotlinx\atomicfu-common\0.14.1\atomicfu-common-0.14.1.jar;C:\Users\akhil\.m2\repository\org\jetbrains\kotlinx\kotlinx-io\0.1.16\kotlinx-io-0.1.16.jar;C:\Users\akhil\.m2\repository\org\jetbrains\kotlinx\kotlinx-coroutines-io-jvm\0.1.16\kotlinx-coroutines-io-jvm-0.1.16.jar;C:\Users\akhil\.m2\repository\org\jetbrains\kotlinx\kotlinx-coroutines-core-common\1.3.2-1.3.60\kotlinx-coroutines-core-common-1.3.2-1.3.60.jar;C:\Users\akhil\.m2\repository\org\jetbrains\kotlinx\kotlinx-coroutines-io\0.1.16\kotlinx-coroutines-io-0.1.16.jar;C:\Users\akhil\.m2\repository\io\ktor\ktor-server-host-common\1.2.6\ktor-server-host-common-1.2.6.jar;C:\Users\akhil\.m2\repository\io\ktor\ktor-server-core\1.2.6\ktor-server-core-1.2.6.jar;C:\Users\akhil\.m2\repository\io\netty\netty-codec-http2\4.1.37.Final\netty-codec-http2-4.1.37.Final.jar;C:\Users\akhil\.m2\repository\io\netty\netty-codec-http\4.1.37.Final\netty-codec-http-4.1.37.Final.jar;C:\Users\akhil\.m2\repository\org\eclipse\jetty\alpn\alpn-api\1.1.3.v20160715\alpn-api-1.1.3.v20160715.jar;C:\Users\akhil\.m2\repository\io\netty\netty-transport-native-kqueue\4.1.37.Final\netty-transport-native-kqueue-4.1.37.Final.jar;C:\Users\akhil\.m2\repository\io\netty\netty-transport-native-unix-common\4.1.37.Final\netty-transport-native-unix-common-4.1.37.Final.jar;C:\Users\akhil\.m2\repository\io\netty\netty-transport-native-epoll\4.1.37.Final\netty-transport-native-epoll-4.1.37.Final.jar;C:\Users\akhil\.m2\repository\io\ktor\ktor-network-tls\1.2.6\ktor-network-tls-1.2.6.jar;C:\Users\akhil\.m2\repository\io\ktor\ktor-network\1.2.6\ktor-network-1.2.6.jar;C:\Users\akhil\.m2\repository\io\ktor\ktor-utils-jvm\1.2.6\ktor-utils-jvm-1.2.6.jar;C:\Users\akhil\.m2\repository\io\ktor\ktor-http-cio-jvm\1.2.6\ktor-http-cio-jvm-1.2.6.jar;C:\Users\akhil\.m2\repository\io\ktor\ktor-http-jvm\1.2.6\ktor-http-jvm-1.2.6.jar;C:\Users\akhil\.m2\repository\au\com\dius\pact-jvm-consumer-junit5\4.0.10\pact-jvm-consumer-junit5-4.0.10.jar;C:\Users\akhil\.m2\repository\org\slf4j\slf4j-api\1.7.28\slf4j-api-1.7.28.jar;C:\Users\akhil\.m2\repository\org\junit\jupiter\junit-jupiter\5.8.0\junit-jupiter-5.8.0.jar;C:\Users\akhil\.m2\repository\org\junit\jupiter\junit-jupiter-params\5.8.0\junit-jupiter-params-5.8.0.jar;C:\Users\akhil\.m2\repository\org\junit\jupiter\junit-jupiter-engine\5.8.0\junit-jupiter-engine-5.8.0.jar;C:\Users\akhil\.m2\repository\org\junit\platform\junit-platform-engine\1.8.0\junit-platform-engine-1.8.0.jar;C:\Users\akhil\.m2\repository\org\junit\jupiter\junit-jupiter-api\5.8.0\junit-jupiter-api-5.8.0.jar;C:\Users\akhil\.m2\repository\org\opentest4j\opentest4j\1.2.0\opentest4j-1.2.0.jar;C:\Users\akhil\.m2\repository\org\junit\platform\junit-platform-commons\1.8.0\junit-platform-commons-1.8.0.jar;C:\Users\akhil\.m2\repository\org\apiguardian\apiguardian-api\1.1.2\apiguardian-api-1.1.2.jar;C:\Users\akhil\.m2\repository\com\github\tomakehurst\wiremock\2.27.2\wiremock-2.27.2.jar;C:\Users\akhil\.m2\repository\org\eclipse\jetty\jetty-server\9.2.28.v20190418\jetty-server-9.2.28.v20190418.jar;C:\Users\akhil\.m2\repository\javax\servlet\javax.servlet-api\3.1.0\javax.servlet-api-3.1.0.jar;C:\Users\akhil\.m2\repository\org\eclipse\jetty\jetty-http\9.2.28.v20190418\jetty-http-9.2.28.v20190418.jar;C:\Users\akhil\.m2\repository\org\eclipse\jetty\jetty-io\9.2.28.v20190418\jetty-io-9.2.28.v20190418.jar;C:\Users\akhil\.m2\repository\org\eclipse\jetty\jetty-servlet\9.2.28.v20190418\jetty-servlet-9.2.28.v20190418.jar;C:\Users\akhil\.m2\repository\org\eclipse\jetty\jetty-security\9.2.28.v20190418\jetty-security-9.2.28.v20190418.jar;C:\Users\akhil\.m2\repository\org\eclipse\jetty\jetty-servlets\9.2.28.v20190418\jetty-servlets-9.2.28.v20190418.jar;C:\Users\akhil\.m2\repository\org\eclipse\jetty\jetty-continuation\9.2.28.v20190418\jetty-continuation-9.2.28.v20190418.jar;C:\Users\akhil\.m2\repository\org\eclipse\jetty\jetty-util\9.2.28.v20190418\jetty-util-9.2.28.v20190418.jar;C:\Users\akhil\.m2\repository\org\eclipse\jetty\jetty-webapp\9.2.28.v20190418\jetty-webapp-9.2.28.v20190418.jar;C:\Users\akhil\.m2\repository\org\eclipse\jetty\jetty-xml\9.2.28.v20190418\jetty-xml-9.2.28.v20190418.jar;C:\Users\akhil\.m2\repository\org\eclipse\jetty\jetty-proxy\9.2.28.v20190418\jetty-proxy-9.2.28.v20190418.jar;C:\Users\akhil\.m2\repository\org\eclipse\jetty\jetty-client\9.2.28.v20190418\jetty-client-9.2.28.v20190418.jar;C:\Users\akhil\.m2\repository\com\google\guava\guava\20.0\guava-20.0.jar;C:\Users\akhil\.m2\repository\com\fasterxml\jackson\core\jackson-core\2.11.0\jackson-core-2.11.0.jar;C:\Users\akhil\.m2\repository\com\fasterxml\jackson\core\jackson-annotations\2.11.0\jackson-annotations-2.11.0.jar;C:\Users\akhil\.m2\repository\com\fasterxml\jackson\core\jackson-databind\2.11.0\jackson-databind-2.11.0.jar;C:\Users\akhil\.m2\repository\org\apache\httpcomponents\httpclient\4.5.12\httpclient-4.5.12.jar;C:\Users\akhil\.m2\repository\org\apache\httpcomponents\httpcore\4.4.13\httpcore-4.4.13.jar;C:\Users\akhil\.m2\repository\commons-logging\commons-logging\1.2\commons-logging-1.2.jar;C:\Users\akhil\.m2\repository\commons-codec\commons-codec\1.11\commons-codec-1.11.jar;C:\Users\akhil\.m2\repository\org\xmlunit\xmlunit-core\2.7.0\xmlunit-core-2.7.0.jar;C:\Users\akhil\.m2\repository\org\xmlunit\xmlunit-legacy\2.7.0\xmlunit-legacy-2.7.0.jar;C:\Users\akhil\.m2\repository\org\xmlunit\xmlunit-placeholders\2.7.0\xmlunit-placeholders-2.7.0.jar;C:\Users\akhil\.m2\repository\com\jayway\jsonpath\json-path\2.4.0\json-path-2.4.0.jar;C:\Users\akhil\.m2\repository\net\minidev\json-smart\2.3\json-smart-2.3.jar;C:\Users\akhil\.m2\repository\net\minidev\accessors-smart\1.2\accessors-smart-1.2.jar;C:\Users\akhil\.m2\repository\org\ow2\asm\asm\7.0\asm-7.0.jar;C:\Users\akhil\.m2\repository\net\sf\jopt-simple\jopt-simple\5.0.3\jopt-simple-5.0.3.jar;C:\Users\akhil\.m2\repository\org\apache\commons\commons-lang3\3.7\commons-lang3-3.7.jar;C:\Users\akhil\.m2\repository\com\github\jknack\handlebars\4.0.7\handlebars-4.0.7.jar;C:\Users\akhil\.m2\repository\org\antlr\antlr4-runtime\4.7.1\antlr4-runtime-4.7.1.jar;C:\Users\akhil\.m2\repository\com\github\jknack\handlebars-helpers\4.0.7\handlebars-helpers-4.0.7.jar;C:\Users\akhil\.m2\repository\com\flipkart\zjsonpatch\zjsonpatch\0.4.4\zjsonpatch-0.4.4.jar;C:\Users\akhil\.m2\repository\commons-fileupload\commons-fileupload\1.4\commons-fileupload-1.4.jar;C:\Users\akhil\.m2\repository\commons-io\commons-io\2.2\commons-io-2.2.jar;"/>
    <property name="sun.cpu.endian" value="little"/>
    <property name="user.home" value="C:\Users\akhil"/>
    <property name="user.language" value="en"/>
    <property name="java.specification.vendor" value="Oracle Corporation"/>
    <property name="java.home" value="C:\Program Files\Java\jdk1.8.0_231\jre"/>
    <property name="basedir" value="C:\Users\akhil\IdeaProjects\PACTTools\.idea\Consumer"/>
    <property name="file.separator" value="\"/>
    <property name="line.separator" value="&#10;"/>
    <property name="java.vm.specification.vendor" value="Oracle Corporation"/>
    <property name="java.specification.name" value="Java Platform API Specification"/>
    <property name="java.awt.graphicsenv" value="sun.awt.Win32GraphicsEnvironment"/>
    <property name="surefire.real.class.path" value="C:\Users\akhil\AppData\Local\Temp\surefire718034234122130209\surefirebooter8824876678752752645.jar"/>
    <property name="sun.boot.class.path" value="C:\Program Files\Java\jdk1.8.0_231\jre\lib\resources.jar;C:\Program Files\Java\jdk1.8.0_231\jre\lib\rt.jar;C:\Program Files\Java\jdk1.8.0_231\jre\lib\sunrsasign.jar;C:\Program Files\Java\jdk1.8.0_231\jre\lib\jsse.jar;C:\Program Files\Java\jdk1.8.0_231\jre\lib\jce.jar;C:\Program Files\Java\jdk1.8.0_231\jre\lib\charsets.jar;C:\Program Files\Java\jdk1.8.0_231\jre\lib\jfr.jar;C:\Program Files\Java\jdk1.8.0_231\jre\classes"/>
    <property name="user.script" value=""/>
    <property name="sun.management.compiler" value="HotSpot 64-Bit Tiered Compilers"/>
    <property name="java.runtime.version" value="1.8.0_231-b11"/>
    <property name="user.name" value="akhil"/>
    <property name="path.separator" value=";"/>
    <property name="os.version" value="10.0"/>
    <property name="java.endorsed.dirs" value="C:\Program Files\Java\jdk1.8.0_231\jre\lib\endorsed"/>
    <property name="java.runtime.name" value="Java(TM) SE Runtime Environment"/>
    <property name="file.encoding" value="Cp1252"/>
    <property name="java.vm.name" value="Java HotSpot(TM) 64-Bit Server VM"/>
    <property name="localRepository" value="C:\Users\akhil\.m2\repository"/>
    <property name="java.vendor.url.bug" value="http://bugreport.sun.com/bugreport/"/>
    <property name="java.io.tmpdir" value="C:\Users\akhil\AppData\Local\Temp\"/>
    <property name="java.version" value="1.8.0_231"/>
    <property name="user.dir" value="C:\Users\akhil\IdeaProjects\PACTTools\.idea\Consumer"/>
    <property name="os.arch" value="amd64"/>
    <property name="java.vm.specification.name" value="Java Virtual Machine Specification"/>
    <property name="java.awt.printerjob" value="sun.awt.windows.WPrinterJob"/>
    <property name="sun.os.patch.level" value=""/>
    <property name="java.library.path" value="C:\Program Files\Java\jdk1.8.0_231\jre\bin;C:\WINDOWS\Sun\Java\bin;C:\WINDOWS\system32;C:\WINDOWS;C:\Program Files (x86)\Common Files\Oracle\Java\javapath;C:\Python310\Scripts\;C:\Python310\;C:\Program Files\nodejs\;C:\ProgramData\chocolatey\bin;C:\WINDOWS\system32;C:\WINDOWS;C:\WINDOWS\System32\Wbem;C:\WINDOWS\System32\WindowsPowerShell\v1.0\;C:\WINDOWS\System32\OpenSSH\;C:\Program Files\Java\jdk1.8.0_202\bin;C:\Program Files\apache-maven-3.8.5\bin;C:\Program Files\Kubernetes\Minikube;;C:\Program Files\Docker\Docker\resources\bin;C:\ProgramData\DockerDesktop\version-bin;C:\WINDOWS\system32;C:\WINDOWS;C:\WINDOWS\System32\Wbem;C:\WINDOWS\System32\WindowsPowerShell\v1.0\;C:\WINDOWS\System32\OpenSSH\;C:\Users\akhil\AppData\Local\Programs\Python\Launcher\;C:\Users\akhil\AppData\Local\Programs\Python\Python37\Scripts\;C:\Users\akhil\AppData\Local\Programs\Python\Python37\;C:\Program Files\nodejs;C:\Users\akhil\AppData\Roaming\npm;C:\Users\akhil\AppData\Local\Microsoft\WindowsApps;C:\Users\akhil\AppData\Local\atom\bin;C:\Users\akhil\AppData\Local\GitHubDesktop\bin;."/>
    <property name="java.vm.info" value="mixed mode"/>
    <property name="java.vendor" value="Oracle Corporation"/>
    <property name="java.vm.version" value="25.231-b11"/>
    <property name="java.ext.dirs" value="C:\Program Files\Java\jdk1.8.0_231\jre\lib\ext;C:\WINDOWS\Sun\Java\lib\ext"/>
    <property name="sun.io.unicode.encoding" value="UnicodeLittle"/>
    <property name="java.class.version" value="52.0"/>
  </properties>
  <testcase name="getAllProducts_whenNoAuth(MockServer)" classname="au.com.dius.pactworkshop.consumer.ProductConsumerPactTest" time="2.442"/>
  <testcase name="getAllProducts_whenNoProductsExist(MockServer)" classname="au.com.dius.pactworkshop.consumer.ProductConsumerPactTest" time="0.287"/>
  <testcase name="getProductById_whenProductWithId11DoesNotExist(MockServer)" classname="au.com.dius.pactworkshop.consumer.ProductConsumerPactTest" time="0.155"/>
  <testcase name="getProductById_whenProductWithId10Exists(MockServer)" classname="au.com.dius.pactworkshop.consumer.ProductConsumerPactTest" time="0.166"/>
  <testcase name="getProductById_whenNoAuth(MockServer)" classname="au.com.dius.pactworkshop.consumer.ProductConsumerPactTest" time="0.138"/>
  <testcase name="getAllProducts_whenProductsExist(MockServer)" classname="au.com.dius.pactworkshop.consumer.ProductConsumerPactTest" time="0.158"/>
</testsuite>